<?xml version="1.0" encoding="UTF-8"?>
<testng-results total="1" passed="1" failed="0" skipped="0">
  <reporter-output>
  </reporter-output>
  <suite started-at="2021-03-27T13:08:30Z" name="Suite" finished-at="2021-03-27T13:08:39Z" duration-ms="8429">
    <groups>
    </groups>
    <test started-at="2021-03-27T13:08:30Z" name="Test" finished-at="2021-03-27T13:08:39Z" duration-ms="8429">
      <class name="uibank.applyloan">
        <test-method signature="apply()[pri:0, instance:uibank.applyloan@cc43f62]" started-at="2021-03-28T00:08:30Z" name="apply" finished-at="2021-03-28T00:08:39Z" duration-ms="8417" status="PASS">
          <reporter-output>
          </reporter-output>
        </test-method> <!-- apply -->
      </class> <!-- uibank.applyloan -->
    </test> <!-- Test -->
  </suite> <!-- Suite -->
</testng-results>
